<?xml version="1.0" encoding="UTF-8"?>
<!-- Generated by org.testng.reporters.JUnitXMLReporter -->
<testsuite ignored="2" hostname="IMEX" failures="6" tests="6" name="End To End Test" time="398.623" errors="0" timestamp="2021-09-22T12:19:30 CET">
  <testcase classname="com.invoice_portal.testcase.DemandeSignature" name="Clique_Voir_Historique" time="31.409">
    <failure type="org.openqa.selenium.StaleElementReferenceException" message="stale element reference: element is not attached to the page document
  (Session info: chrome=93.0.4577.82)
For documentation on this error, please visit: https://selenium.dev/exceptions/#stale_element_reference
Build info: version: &amp;apos;4.0.0-alpha-6&amp;apos;, revision: &amp;apos;5f43a29cfc&amp;apos;
System info: host: &amp;apos;IMEX&amp;apos;, ip: &amp;apos;127.0.1.1&amp;apos;, os.name: &amp;apos;Linux&amp;apos;, os.arch: &amp;apos;amd64&amp;apos;, os.version: &amp;apos;5.11.0-34-generic&amp;apos;, java.version: &amp;apos;11.0.11&amp;apos;
Driver info: org.openqa.selenium.chrome.ChromeDriver
Capabilities {acceptInsecureCerts: false, browserName: chrome, browserVersion: 93.0.4577.82, chrome: {chromedriverVersion: 93.0.4577.63 (ff5c0da2ec0ad..., userDataDir: /tmp/.com.google.Chrome.ZgU6Ze}, goog:chromeOptions: {debuggerAddress: localhost:41819}, javascriptEnabled: true, networkConnectionEnabled: false, pageLoadStrategy: normal, platform: LINUX, platformName: LINUX, proxy: Proxy(), setWindowRect: true, strictFileInteractability: false, timeouts: {implicit: 0, pageLoad: 300000, script: 30000}, unhandledPromptBehavior: dismiss and notify, webauthn:extension:credBlob: true, webauthn:extension:largeBlob: true, webauthn:virtualAuthenticators: true}
Session ID: 2215187e49af0764a45aefa2a65ad024">
      <![CDATA[org.openqa.selenium.StaleElementReferenceException: stale element reference: element is not attached to the page document
  (Session info: chrome=93.0.4577.82)
For documentation on this error, please visit: https://selenium.dev/exceptions/#stale_element_reference
Build info: version: '4.0.0-alpha-6', revision: '5f43a29cfc'
System info: host: 'IMEX', ip: '127.0.1.1', os.name: 'Linux', os.arch: 'amd64', os.version: '5.11.0-34-generic', java.version: '11.0.11'
Driver info: org.openqa.selenium.chrome.ChromeDriver
Capabilities {acceptInsecureCerts: false, browserName: chrome, browserVersion: 93.0.4577.82, chrome: {chromedriverVersion: 93.0.4577.63 (ff5c0da2ec0ad..., userDataDir: /tmp/.com.google.Chrome.ZgU6Ze}, goog:chromeOptions: {debuggerAddress: localhost:41819}, javascriptEnabled: true, networkConnectionEnabled: false, pageLoadStrategy: normal, platform: LINUX, platformName: LINUX, proxy: Proxy(), setWindowRect: true, strictFileInteractability: false, timeouts: {implicit: 0, pageLoad: 300000, script: 30000}, unhandledPromptBehavior: dismiss and notify, webauthn:extension:credBlob: true, webauthn:extension:largeBlob: true, webauthn:virtualAuthenticators: true}
Session ID: 2215187e49af0764a45aefa2a65ad024
at org.openqa.selenium.remote.codec.w3c.W3CHttpResponseCodec.createException(W3CHttpResponseCodec.java:196)
at org.openqa.selenium.remote.codec.w3c.W3CHttpResponseCodec.decode(W3CHttpResponseCodec.java:129)
at org.openqa.selenium.remote.codec.w3c.W3CHttpResponseCodec.decode(W3CHttpResponseCodec.java:53)
at org.openqa.selenium.remote.HttpCommandExecutor.execute(HttpCommandExecutor.java:160)
at org.openqa.selenium.remote.service.DriverCommandExecutor.execute(DriverCommandExecutor.java:83)
at org.openqa.selenium.remote.RemoteWebDriver.execute(RemoteWebDriver.java:582)
at org.openqa.selenium.remote.RemoteWebElement.execute(RemoteWebElement.java:316)
at org.openqa.selenium.remote.RemoteWebElement.isDisplayed(RemoteWebElement.java:363)
at com.invoice_portal.testcase.DemandeSignature.Clique_Voir_Historique(DemandeSignature.java:93)
at java.base/java.util.ArrayList.forEach(ArrayList.java:1541)
... Removed 31 stack frames]]>
    </failure>
  </testcase> <!-- Clique_Voir_Historique -->
  <testcase classname="com.invoice_portal.testcase.DemandeSignature" name="Documents_Non_Signes" time="30.807">
    <failure type="java.lang.AssertionError" message="http://localhost:8081/admin/HistoriqueUploadAnce/ expected:&amp;lt;http://localhost:8081/admin/HistoriqueUploadAnce/&amp;gt; but was:&amp;lt;La page documents non signés non charger&amp;gt;">
      <![CDATA[java.lang.AssertionError: http://localhost:8081/admin/HistoriqueUploadAnce/ expected:<http://localhost:8081/admin/HistoriqueUploadAnce/> but was:<La page documents non signés non charger>
at com.invoice_portal.testcase.DemandeSignature.Documents_Non_Signes(DemandeSignature.java:114)
at java.base/java.util.ArrayList.forEach(ArrayList.java:1541)
... Removed 28 stack frames]]>
    </failure>
  </testcase> <!-- Documents_Non_Signes -->
  <testcase classname="com.invoice_portal.testcase.DemandeSignature" name="Documents_Supprimes" time="28.423">
    <failure type="java.lang.AssertionError" message="http://localhost:8081/admin/HistoriqueUploadAnce/ expected:&amp;lt;http://localhost:8081/admin/HistoriqueUploadAnce/&amp;gt; but was:&amp;lt;La page documents supprimés non charger&amp;gt;">
      <![CDATA[java.lang.AssertionError: http://localhost:8081/admin/HistoriqueUploadAnce/ expected:<http://localhost:8081/admin/HistoriqueUploadAnce/> but was:<La page documents supprimés non charger>
at com.invoice_portal.testcase.DemandeSignature.Documents_Supprimes(DemandeSignature.java:132)
at java.base/java.util.ArrayList.forEach(ArrayList.java:1541)
... Removed 28 stack frames]]>
    </failure>
  </testcase> <!-- Documents_Supprimes -->
  <testcase classname="com.invoice_portal.testcase.DemandeSignature" name="Documents_Verifier" time="18.341">
    <failure type="java.lang.AssertionError" message="http://localhost:8081/admin/historiqueVerify expected:&amp;lt;http://localhost:8081/admin/historiqueVerify&amp;gt; but was:&amp;lt;La page documents vérifiés non charger&amp;gt;">
      <![CDATA[java.lang.AssertionError: http://localhost:8081/admin/historiqueVerify expected:<http://localhost:8081/admin/historiqueVerify> but was:<La page documents vérifiés non charger>
at com.invoice_portal.testcase.DemandeSignature.Documents_Verifier(DemandeSignature.java:150)
at java.base/java.util.ArrayList.forEach(ArrayList.java:1541)
... Removed 28 stack frames]]>
    </failure>
  </testcase> <!-- Documents_Verifier -->
  <testcase classname="com.invoice_portal.testcase.DemandeSignature" name="Documents_Non_Verifies" time="40.521">
    <failure type="java.lang.AssertionError" message="http://localhost:8081/admin/historiqueVerify expected:&amp;lt;http://localhost:8081/admin/historiqueVerify&amp;gt; but was:&amp;lt;La page documents non vérifiés non charger&amp;gt;">
      <![CDATA[java.lang.AssertionError: http://localhost:8081/admin/historiqueVerify expected:<http://localhost:8081/admin/historiqueVerify> but was:<La page documents non vérifiés non charger>
at com.invoice_portal.testcase.DemandeSignature.Documents_Non_Verifies(DemandeSignature.java:171)
at java.base/java.util.ArrayList.forEach(ArrayList.java:1541)
... Removed 28 stack frames]]>
    </failure>
  </testcase> <!-- Documents_Non_Verifies -->
  <testcase classname="com.invoice_portal.testcase.DemandeSignature" name="Documents_Supprimes_pour_verifiés" time="30.553">
    <failure type="java.lang.AssertionError" message="http://localhost:8081/admin/historiqueVerify expected:&amp;lt;http://localhost:8081/admin/historiqueVerify&amp;gt; but was:&amp;lt;La page documents supprimés pour vérifiés non charger&amp;gt;">
      <![CDATA[java.lang.AssertionError: http://localhost:8081/admin/historiqueVerify expected:<http://localhost:8081/admin/historiqueVerify> but was:<La page documents supprimés pour vérifiés non charger>
at com.invoice_portal.testcase.DemandeSignature.Documents_Supprimes_pour_verifiés(DemandeSignature.java:193)
at java.base/java.util.ArrayList.forEach(ArrayList.java:1541)
... Removed 28 stack frames]]>
    </failure>
  </testcase> <!-- Documents_Supprimes_pour_verifiés -->
  <testcase classname="com.invoice_portal.testcase.DemandeSignature" name="Upload_File" time="0.0">
    <ignored/>
  </testcase> <!-- Upload_File -->
  <testcase classname="com.invoice_portal.testcase.DemandeSignature" name="Drag_And_Drop" time="0.0">
    <ignored/>
  </testcase> <!-- Drag_And_Drop -->
</testsuite> <!-- End To End Test -->
